Arguments: 
  C:\Program Files\nodejs\node.exe C:\Users\inoue\AppData\Roaming\npm\node_modules\yarn\bin\yarn.js add axios

PATH: 
  C:\ProgramData\DockerDesktop\version-bin;C:\Program Files\Docker\Docker\Resources\bin;C:\Program Files (x86)\Common Files\Oracle\Java\javapath;C:\Program Files\NVIDIA GPU Computing Toolkit\CUDA\v9.0\bin;C:\Program Files\NVIDIA GPU Computing Toolkit\CUDA\v9.0\libnvvp;C:\Program Files\Python36\Scripts\;C:\Program Files\Python36\;C:\ProgramData\Oracle\Java\javapath;C:\Windows\system32;C:\Windows;C:\Windows\System32\Wbem;C:\Windows\System32\WindowsPowerShell\v1.0\;C:\Program Files (x86)\NVIDIA Corporation\PhysX\Common;C:\WINDOWS\system32;C:\WINDOWS;C:\WINDOWS\System32\Wbem;C:\WINDOWS\System32\WindowsPowerShell\v1.0\;C:\WINDOWS\System32\OpenSSH\;C:\Program Files\Calibre2\;C:\xampp\php;C:\ProgramData\ComposerSetup\bin;C:\HashiCorp\Vagrant\bin;C:\Program Files\Microsoft VS Code\bin;C:\Program Files\NVIDIA Corporation\NVIDIA NvDLISR;C:\Users\inoue\.dnx\bin;C:\Program Files\Microsoft DNX\Dnvm\;C:\Program Files\Microsoft SQL Server\130\Tools\Binn\;C:\Program Files\Git LFS;C:\WINDOWS\system32;C:\WINDOWS;C:\WINDOWS\System32\Wbem;C:\WINDOWS\System32\WindowsPowerShell\v1.0\;C:\WINDOWS\System32\OpenSSH\;C:\Program Files\nodejs\;C:\Program Files\Git\cmd;C:\Users\inoue\Desktop\freesoft\chromedriver_win32;C:\Users\inoue\Anaconda3\lib\site-packages\pip;C:\Users\inoue\Anaconda3;C:\Users\inoue\Anaconda3\Scripts;C:\Users\inoue\Anaconda3\Library\bin;C:\Ruby25\bin;C:\Users\inoue\AppData\Local\Microsoft\WindowsApps;C:\xampp\mysql\bin;C:\Users\inoue\AppData\Roaming\Composer\vendor\bin;C:\Users\inoue\AppData\Local\atom\app-1.29.0\resources\cli;C:\Users\inoue\AppData\Local\Google\Cloud SDK\google-cloud-sdk\bin;C:\Program Files\MeCab\bin;C:\mos;C:\Users\inoue\AppData\Roaming\npm;C:\Users\inoue\AppData\Local\GitHubCLI\bin;C:\Program Files\Git\bin;C:\Users\inoue\Desktop\freesoft\cmder_mini

Yarn version: 
  1.7.0

Node version: 
  12.13.0

Platform: 
  win32 x64

Trace: 
  Error: EPERM: operation not permitted, unlink 'C:\Users\inoue\Desktop\keshiteok\新しいフォルダー (3)\jesttt\node_modules\@babel\traverse\node_modules\ms'

npm manifest: 
  {
    "name": "jesttt",
    "version": "1.0.0",
    "description": "",
    "main": "index.js",
    "scripts": {
      "test": "jest"
    },
    "keywords": [],
    "author": "",
    "license": "ISC",
    "devDependencies": {
      "jest": "^24.9.0"
    }
  }

yarn manifest: 
  No manifest

Lockfile: 
  No lockfile
